{"level":"info","ts":1704147798.21296,"caller":"lt-lsp/main.go:83","msg":"starting..."}
{"level":"debug","ts":1704147798.21468,"caller":"server/server.go:208","msg":"called Initialize"}
{"level":"debug","ts":1704147798.215368,"caller":"server/server.go:223","msg":"called Initialized"}
{"level":"debug","ts":1704147798.2154949,"caller":"server/server.go:130","msg":"Hey, do you have Dyslexia and need to write commends and read me's? \n"}
{"level":"debug","ts":1704147810.761408,"logger":"client","caller":"protocol@v0.12.0/client.go:313","msg":"call textDocument/publishDiagnostics"}
{"level":"debug","ts":1704147810.762248,"logger":"client","caller":"protocol@v0.12.0/client.go:316","msg":"end textDocument/publishDiagnostics"}
{"level":"debug","ts":1704147810.98162,"logger":"client","caller":"protocol@v0.12.0/client.go:313","msg":"call textDocument/publishDiagnostics"}
{"level":"debug","ts":1704147810.981954,"logger":"client","caller":"protocol@v0.12.0/client.go:316","msg":"end textDocument/publishDiagnostics"}
{"level":"debug","ts":1704147811.4854882,"logger":"client","caller":"protocol@v0.12.0/client.go:313","msg":"call textDocument/publishDiagnostics"}
{"level":"debug","ts":1704147811.4858592,"logger":"client","caller":"protocol@v0.12.0/client.go:316","msg":"end textDocument/publishDiagnostics"}
{"level":"debug","ts":1704147811.772888,"logger":"client","caller":"protocol@v0.12.0/client.go:313","msg":"call textDocument/publishDiagnostics"}
{"level":"debug","ts":1704147811.773264,"logger":"client","caller":"protocol@v0.12.0/client.go:316","msg":"end textDocument/publishDiagnostics"}
{"level":"debug","ts":1704147812.370507,"logger":"client","caller":"protocol@v0.12.0/client.go:313","msg":"call textDocument/publishDiagnostics"}
{"level":"debug","ts":1704147812.370684,"logger":"client","caller":"protocol@v0.12.0/client.go:316","msg":"end textDocument/publishDiagnostics"}
{"level":"debug","ts":1704147812.509684,"logger":"client","caller":"protocol@v0.12.0/client.go:313","msg":"call textDocument/publishDiagnostics"}
{"level":"debug","ts":1704147812.509774,"logger":"client","caller":"protocol@v0.12.0/client.go:316","msg":"end textDocument/publishDiagnostics"}
{"level":"debug","ts":1704147812.799721,"logger":"client","caller":"protocol@v0.12.0/client.go:313","msg":"call textDocument/publishDiagnostics"}
{"level":"debug","ts":1704147812.800122,"logger":"client","caller":"protocol@v0.12.0/client.go:316","msg":"end textDocument/publishDiagnostics"}
{"level":"debug","ts":1704147813.226219,"logger":"client","caller":"protocol@v0.12.0/client.go:313","msg":"call textDocument/publishDiagnostics"}
{"level":"debug","ts":1704147813.226306,"logger":"client","caller":"protocol@v0.12.0/client.go:316","msg":"end textDocument/publishDiagnostics"}
{"level":"debug","ts":1704147813.418584,"logger":"client","caller":"protocol@v0.12.0/client.go:313","msg":"call textDocument/publishDiagnostics"}
{"level":"debug","ts":1704147813.418903,"logger":"client","caller":"protocol@v0.12.0/client.go:316","msg":"end textDocument/publishDiagnostics"}
{"level":"debug","ts":1704147902.6885529,"caller":"server/server.go:142","msg":"&{Text: TextDocument:{URI:file:///Users/pascalsochacki/Projects/Private/languagetool-lsp/Readme.md}}"}
{"level":"info","ts":1704147902.722522,"caller":"lt-lsp/main.go:97","msg":"conn closed"}
{"level":"info","ts":1704147934.671455,"caller":"lt-lsp/main.go:83","msg":"starting..."}
{"level":"debug","ts":1704147934.673166,"caller":"server/server.go:208","msg":"called Initialize"}
{"level":"debug","ts":1704147934.673876,"caller":"server/server.go:223","msg":"called Initialized"}
{"level":"debug","ts":1704147934.673992,"caller":"server/server.go:130","msg":"Hey, do you have Dyslexia and need to write commends and read me's? \n\nIf so\n"}
{"level":"debug","ts":1704147957.438881,"caller":"server/server.go:142","msg":"&{Text: TextDocument:{URI:file:///Users/pascalsochacki/Projects/Private/languagetool-lsp/Readme.md}}"}
{"level":"debug","ts":1704147969.357723,"caller":"server/server.go:142","msg":"&{Text: TextDocument:{URI:file:///Users/pascalsochacki/Projects/Private/languagetool-lsp/Readme.md}}"}
{"level":"debug","ts":1704147988.24223,"logger":"client","caller":"protocol@v0.12.0/client.go:313","msg":"call textDocument/publishDiagnostics"}
{"level":"debug","ts":1704147988.242667,"logger":"client","caller":"protocol@v0.12.0/client.go:316","msg":"end textDocument/publishDiagnostics"}
{"level":"debug","ts":1704147993.869451,"logger":"client","caller":"protocol@v0.12.0/client.go:313","msg":"call textDocument/publishDiagnostics"}
{"level":"debug","ts":1704147993.869888,"logger":"client","caller":"protocol@v0.12.0/client.go:316","msg":"end textDocument/publishDiagnostics"}
{"level":"debug","ts":1704147996.7337139,"logger":"client","caller":"protocol@v0.12.0/client.go:313","msg":"call textDocument/publishDiagnostics"}
{"level":"debug","ts":1704147996.734435,"logger":"client","caller":"protocol@v0.12.0/client.go:316","msg":"end textDocument/publishDiagnostics"}
{"level":"debug","ts":1704147996.91569,"logger":"client","caller":"protocol@v0.12.0/client.go:313","msg":"call textDocument/publishDiagnostics"}
{"level":"debug","ts":1704147996.916167,"logger":"client","caller":"protocol@v0.12.0/client.go:316","msg":"end textDocument/publishDiagnostics"}
{"level":"debug","ts":1704147997.097544,"logger":"client","caller":"protocol@v0.12.0/client.go:313","msg":"call textDocument/publishDiagnostics"}
{"level":"debug","ts":1704147997.0977201,"logger":"client","caller":"protocol@v0.12.0/client.go:316","msg":"end textDocument/publishDiagnostics"}
{"level":"debug","ts":1704147997.244295,"logger":"client","caller":"protocol@v0.12.0/client.go:313","msg":"call textDocument/publishDiagnostics"}
{"level":"debug","ts":1704147997.244381,"logger":"client","caller":"protocol@v0.12.0/client.go:316","msg":"end textDocument/publishDiagnostics"}
{"level":"debug","ts":1704147997.498579,"logger":"client","caller":"protocol@v0.12.0/client.go:313","msg":"call textDocument/publishDiagnostics"}
{"level":"debug","ts":1704147997.499079,"logger":"client","caller":"protocol@v0.12.0/client.go:316","msg":"end textDocument/publishDiagnostics"}
{"level":"debug","ts":1704147997.711752,"logger":"client","caller":"protocol@v0.12.0/client.go:313","msg":"call textDocument/publishDiagnostics"}
{"level":"debug","ts":1704147997.712148,"logger":"client","caller":"protocol@v0.12.0/client.go:316","msg":"end textDocument/publishDiagnostics"}
{"level":"debug","ts":1704147997.932984,"logger":"client","caller":"protocol@v0.12.0/client.go:313","msg":"call textDocument/publishDiagnostics"}
{"level":"debug","ts":1704147997.9331741,"logger":"client","caller":"protocol@v0.12.0/client.go:316","msg":"end textDocument/publishDiagnostics"}
{"level":"debug","ts":1704147998.138527,"logger":"client","caller":"protocol@v0.12.0/client.go:313","msg":"call textDocument/publishDiagnostics"}
{"level":"debug","ts":1704147998.138947,"logger":"client","caller":"protocol@v0.12.0/client.go:316","msg":"end textDocument/publishDiagnostics"}
{"level":"debug","ts":1704147998.31375,"logger":"client","caller":"protocol@v0.12.0/client.go:313","msg":"call textDocument/publishDiagnostics"}
{"level":"debug","ts":1704147998.314065,"logger":"client","caller":"protocol@v0.12.0/client.go:316","msg":"end textDocument/publishDiagnostics"}
{"level":"debug","ts":1704147999.810682,"logger":"client","caller":"protocol@v0.12.0/client.go:313","msg":"call textDocument/publishDiagnostics"}
{"level":"debug","ts":1704147999.811133,"logger":"client","caller":"protocol@v0.12.0/client.go:316","msg":"end textDocument/publishDiagnostics"}
{"level":"debug","ts":1704147999.9656708,"logger":"client","caller":"protocol@v0.12.0/client.go:313","msg":"call textDocument/publishDiagnostics"}
{"level":"debug","ts":1704147999.966122,"logger":"client","caller":"protocol@v0.12.0/client.go:316","msg":"end textDocument/publishDiagnostics"}
{"level":"debug","ts":1704148000.3131561,"logger":"client","caller":"protocol@v0.12.0/client.go:313","msg":"call textDocument/publishDiagnostics"}
{"level":"debug","ts":1704148000.3139782,"logger":"client","caller":"protocol@v0.12.0/client.go:316","msg":"end textDocument/publishDiagnostics"}
{"level":"debug","ts":1704148000.654538,"logger":"client","caller":"protocol@v0.12.0/client.go:313","msg":"call textDocument/publishDiagnostics"}
{"level":"debug","ts":1704148000.6547341,"logger":"client","caller":"protocol@v0.12.0/client.go:316","msg":"end textDocument/publishDiagnostics"}
{"level":"debug","ts":1704148000.980021,"logger":"client","caller":"protocol@v0.12.0/client.go:313","msg":"call textDocument/publishDiagnostics"}
{"level":"debug","ts":1704148000.98041,"logger":"client","caller":"protocol@v0.12.0/client.go:316","msg":"end textDocument/publishDiagnostics"}
{"level":"debug","ts":1704148001.175176,"logger":"client","caller":"protocol@v0.12.0/client.go:313","msg":"call textDocument/publishDiagnostics"}
{"level":"debug","ts":1704148001.1752589,"logger":"client","caller":"protocol@v0.12.0/client.go:316","msg":"end textDocument/publishDiagnostics"}
{"level":"debug","ts":1704148001.357306,"logger":"client","caller":"protocol@v0.12.0/client.go:313","msg":"call textDocument/publishDiagnostics"}
{"level":"debug","ts":1704148001.357833,"logger":"client","caller":"protocol@v0.12.0/client.go:316","msg":"end textDocument/publishDiagnostics"}
{"level":"debug","ts":1704148001.546178,"logger":"client","caller":"protocol@v0.12.0/client.go:313","msg":"call textDocument/publishDiagnostics"}
{"level":"debug","ts":1704148001.5465522,"logger":"client","caller":"protocol@v0.12.0/client.go:316","msg":"end textDocument/publishDiagnostics"}
{"level":"debug","ts":1704148001.77568,"logger":"client","caller":"protocol@v0.12.0/client.go:313","msg":"call textDocument/publishDiagnostics"}
{"level":"debug","ts":1704148001.776129,"logger":"client","caller":"protocol@v0.12.0/client.go:316","msg":"end textDocument/publishDiagnostics"}
{"level":"debug","ts":1704148001.954308,"logger":"client","caller":"protocol@v0.12.0/client.go:313","msg":"call textDocument/publishDiagnostics"}
{"level":"debug","ts":1704148001.954688,"logger":"client","caller":"protocol@v0.12.0/client.go:316","msg":"end textDocument/publishDiagnostics"}
{"level":"debug","ts":1704148002.1937542,"logger":"client","caller":"protocol@v0.12.0/client.go:313","msg":"call textDocument/publishDiagnostics"}
{"level":"debug","ts":1704148002.1938088,"logger":"client","caller":"protocol@v0.12.0/client.go:316","msg":"end textDocument/publishDiagnostics"}
{"level":"debug","ts":1704148002.346515,"logger":"client","caller":"protocol@v0.12.0/client.go:313","msg":"call textDocument/publishDiagnostics"}
{"level":"debug","ts":1704148002.346617,"logger":"client","caller":"protocol@v0.12.0/client.go:316","msg":"end textDocument/publishDiagnostics"}
{"level":"debug","ts":1704148002.561416,"logger":"client","caller":"protocol@v0.12.0/client.go:313","msg":"call textDocument/publishDiagnostics"}
{"level":"debug","ts":1704148002.5618079,"logger":"client","caller":"protocol@v0.12.0/client.go:316","msg":"end textDocument/publishDiagnostics"}
{"level":"debug","ts":1704148002.791914,"logger":"client","caller":"protocol@v0.12.0/client.go:313","msg":"call textDocument/publishDiagnostics"}
{"level":"debug","ts":1704148002.792292,"logger":"client","caller":"protocol@v0.12.0/client.go:316","msg":"end textDocument/publishDiagnostics"}
{"level":"debug","ts":1704148003.805232,"logger":"client","caller":"protocol@v0.12.0/client.go:313","msg":"call textDocument/publishDiagnostics"}
{"level":"debug","ts":1704148003.805622,"logger":"client","caller":"protocol@v0.12.0/client.go:316","msg":"end textDocument/publishDiagnostics"}
{"level":"debug","ts":1704148010.620275,"logger":"client","caller":"protocol@v0.12.0/client.go:313","msg":"call textDocument/publishDiagnostics"}
{"level":"debug","ts":1704148010.620765,"logger":"client","caller":"protocol@v0.12.0/client.go:316","msg":"end textDocument/publishDiagnostics"}
{"level":"debug","ts":1704148010.875502,"logger":"client","caller":"protocol@v0.12.0/client.go:313","msg":"call textDocument/publishDiagnostics"}
{"level":"debug","ts":1704148010.87674,"logger":"client","caller":"protocol@v0.12.0/client.go:316","msg":"end textDocument/publishDiagnostics"}
{"level":"debug","ts":1704148011.653261,"logger":"client","caller":"protocol@v0.12.0/client.go:313","msg":"call textDocument/publishDiagnostics"}
{"level":"debug","ts":1704148011.6536698,"logger":"client","caller":"protocol@v0.12.0/client.go:316","msg":"end textDocument/publishDiagnostics"}
{"level":"debug","ts":1704148014.12726,"logger":"client","caller":"protocol@v0.12.0/client.go:313","msg":"call textDocument/publishDiagnostics"}
{"level":"debug","ts":1704148014.1299598,"logger":"client","caller":"protocol@v0.12.0/client.go:316","msg":"end textDocument/publishDiagnostics"}
{"level":"debug","ts":1704148014.361432,"logger":"client","caller":"protocol@v0.12.0/client.go:313","msg":"call textDocument/publishDiagnostics"}
{"level":"debug","ts":1704148014.3616152,"logger":"client","caller":"protocol@v0.12.0/client.go:316","msg":"end textDocument/publishDiagnostics"}
{"level":"debug","ts":1704148014.9699252,"logger":"client","caller":"protocol@v0.12.0/client.go:313","msg":"call textDocument/publishDiagnostics"}
{"level":"debug","ts":1704148014.970431,"logger":"client","caller":"protocol@v0.12.0/client.go:316","msg":"end textDocument/publishDiagnostics"}
{"level":"debug","ts":1704148018.14718,"logger":"client","caller":"protocol@v0.12.0/client.go:313","msg":"call textDocument/publishDiagnostics"}
{"level":"debug","ts":1704148018.147616,"logger":"client","caller":"protocol@v0.12.0/client.go:316","msg":"end textDocument/publishDiagnostics"}
{"level":"debug","ts":1704148019.11419,"caller":"server/server.go:142","msg":"&{Text: TextDocument:{URI:file:///Users/pascalsochacki/Projects/Private/languagetool-lsp/Readme.md}}"}
{"level":"debug","ts":1704148038.4674401,"logger":"client","caller":"protocol@v0.12.0/client.go:313","msg":"call textDocument/publishDiagnostics"}
{"level":"debug","ts":1704148038.4679098,"logger":"client","caller":"protocol@v0.12.0/client.go:316","msg":"end textDocument/publishDiagnostics"}
{"level":"debug","ts":1704148038.700303,"logger":"client","caller":"protocol@v0.12.0/client.go:313","msg":"call textDocument/publishDiagnostics"}
{"level":"debug","ts":1704148038.70074,"logger":"client","caller":"protocol@v0.12.0/client.go:316","msg":"end textDocument/publishDiagnostics"}
{"level":"debug","ts":1704148039.4940338,"logger":"client","caller":"protocol@v0.12.0/client.go:313","msg":"call textDocument/publishDiagnostics"}
{"level":"debug","ts":1704148039.494239,"logger":"client","caller":"protocol@v0.12.0/client.go:316","msg":"end textDocument/publishDiagnostics"}
{"level":"debug","ts":1704148039.772137,"logger":"client","caller":"protocol@v0.12.0/client.go:313","msg":"call textDocument/publishDiagnostics"}
{"level":"debug","ts":1704148039.772555,"logger":"client","caller":"protocol@v0.12.0/client.go:316","msg":"end textDocument/publishDiagnostics"}
{"level":"debug","ts":1704148039.9923682,"logger":"client","caller":"protocol@v0.12.0/client.go:313","msg":"call textDocument/publishDiagnostics"}
{"level":"debug","ts":1704148039.9924512,"logger":"client","caller":"protocol@v0.12.0/client.go:316","msg":"end textDocument/publishDiagnostics"}
{"level":"debug","ts":1704148040.198724,"logger":"client","caller":"protocol@v0.12.0/client.go:313","msg":"call textDocument/publishDiagnostics"}
{"level":"debug","ts":1704148040.1992698,"logger":"client","caller":"protocol@v0.12.0/client.go:316","msg":"end textDocument/publishDiagnostics"}
{"level":"debug","ts":1704148040.376596,"logger":"client","caller":"protocol@v0.12.0/client.go:313","msg":"call textDocument/publishDiagnostics"}
{"level":"debug","ts":1704148040.3770812,"logger":"client","caller":"protocol@v0.12.0/client.go:316","msg":"end textDocument/publishDiagnostics"}
{"level":"debug","ts":1704148040.550675,"logger":"client","caller":"protocol@v0.12.0/client.go:313","msg":"call textDocument/publishDiagnostics"}
{"level":"debug","ts":1704148040.5515242,"logger":"client","caller":"protocol@v0.12.0/client.go:316","msg":"end textDocument/publishDiagnostics"}
{"level":"debug","ts":1704148040.8034308,"logger":"client","caller":"protocol@v0.12.0/client.go:313","msg":"call textDocument/publishDiagnostics"}
{"level":"debug","ts":1704148040.803977,"logger":"client","caller":"protocol@v0.12.0/client.go:316","msg":"end textDocument/publishDiagnostics"}
{"level":"debug","ts":1704148041.039291,"logger":"client","caller":"protocol@v0.12.0/client.go:313","msg":"call textDocument/publishDiagnostics"}
{"level":"debug","ts":1704148041.039433,"logger":"client","caller":"protocol@v0.12.0/client.go:316","msg":"end textDocument/publishDiagnostics"}
{"level":"debug","ts":1704148048.67614,"caller":"server/server.go:142","msg":"&{Text: TextDocument:{URI:file:///Users/pascalsochacki/Projects/Private/languagetool-lsp/Readme.md}}"}
{"level":"info","ts":1704148048.712024,"caller":"lt-lsp/main.go:97","msg":"conn closed"}
